{
  "C:\\narr\\programming\\project\\react-redux-rxjs\\packages\\components\\src\\TestButton\\TestButton.tsx": {
    "path": "C:\\narr\\programming\\project\\react-redux-rxjs\\packages\\components\\src\\TestButton\\TestButton.tsx",
    "statementMap": {
      "0": {
        "start": { "line": 1, "column": 0 },
        "end": { "line": 1, "column": 68 }
      },
      "1": {
        "start": { "line": 2, "column": 0 },
        "end": { "line": 2, "column": 53 }
      },
      "2": {
        "start": { "line": 3, "column": 0 },
        "end": { "line": 3, "column": 27 }
      },
      "3": {
        "start": { "line": 4, "column": 0 },
        "end": { "line": 4, "column": 39 }
      },
      "4": {
        "start": { "line": 5, "column": 0 },
        "end": { "line": 5, "column": 30 }
      },
      "5": {
        "start": { "line": 6, "column": 0 },
        "end": { "line": 6, "column": 38 }
      },
      "6": {
        "start": { "line": 20, "column": 15 },
        "end": { "line": 29, "column": 1 }
      },
      "7": {
        "start": { "line": 21, "column": 2 },
        "end": { "line": 28, "column": 4 }
      },
      "8": {
        "start": { "line": 31, "column": 47 },
        "end": { "line": 48, "column": 1 }
      },
      "9": {
        "start": { "line": 32, "column": 2 },
        "end": { "line": 32, "column": 11 }
      },
      "10": {
        "start": { "line": 33, "column": 2 },
        "end": { "line": 33, "column": 9 }
      },
      "11": {
        "start": { "line": 34, "column": 2 },
        "end": { "line": 34, "column": 15 }
      },
      "12": {
        "start": { "line": 36, "column": 21 },
        "end": { "line": 36, "column": 72 }
      },
      "13": {
        "start": { "line": 36, "column": 54 },
        "end": { "line": 36, "column": 71 }
      },
      "14": {
        "start": { "line": 37, "column": 2 },
        "end": { "line": 47, "column": 4 }
      },
      "15": {
        "start": { "line": 49, "column": 24 },
        "end": { "line": 49, "column": 58 }
      },
      "16": {
        "start": { "line": 51, "column": 19 },
        "end": { "line": 55, "column": 1 }
      },
      "17": {
        "start": { "line": 53, "column": 27 },
        "end": { "line": 53, "column": 35 }
      },
      "18": {
        "start": { "line": 57, "column": 0 },
        "end": { "line": 62, "column": 2 }
      },
      "19": {
        "start": { "line": 64, "column": 0 },
        "end": { "line": 66, "column": 2 }
      },
      "20": {
        "start": { "line": 68, "column": 0 },
        "end": { "line": 68, "column": 38 }
      },
      "21": {
        "start": { "line": 70, "column": 0 },
        "end": { "line": 70, "column": 26 }
      }
    },
    "fnMap": {
      "0": {
        "name": "(anonymous_3)",
        "decl": {
          "start": { "line": 20, "column": 15 },
          "end": { "line": null, "column": -1 }
        },
        "loc": {
          "start": { "line": 20, "column": 15 },
          "end": { "line": 29, "column": 1 }
        }
      },
      "1": {
        "name": "(anonymous_4)",
        "decl": {
          "start": { "line": 31, "column": 47 },
          "end": { "line": 31, "column": 47 }
        },
        "loc": {
          "start": { "line": 35, "column": 1 },
          "end": { "line": 48, "column": 1 }
        }
      },
      "2": {
        "name": "(anonymous_5)",
        "decl": {
          "start": { "line": 36, "column": 39 },
          "end": { "line": 36, "column": 39 }
        },
        "loc": {
          "start": { "line": 36, "column": 49 },
          "end": { "line": 36, "column": 71 }
        }
      },
      "3": {
        "name": "(anonymous_6)",
        "decl": {
          "start": { "line": 53, "column": 18 },
          "end": { "line": 53, "column": 17 }
        },
        "loc": {
          "start": { "line": 53, "column": 23 },
          "end": { "line": 53, "column": 35 }
        }
      }
    },
    "branchMap": {
      "0": {
        "loc": {
          "start": { "line": 51, "column": 42 },
          "end": { "line": 51, "column": 58 }
        },
        "type": "binary-expr",
        "locations": [
          {
            "start": { "line": 51, "column": 42 },
            "end": { "line": 51, "column": 58 }
          },
          {
            "start": { "line": 51, "column": 42 },
            "end": { "line": 55, "column": 1 }
          }
        ]
      }
    },
    "s": {
      "0": 1,
      "1": 1,
      "2": 1,
      "3": 1,
      "4": 1,
      "5": 1,
      "6": 1,
      "7": 1,
      "8": 1,
      "9": 1,
      "10": 1,
      "11": 1,
      "12": 1,
      "13": 2,
      "14": 1,
      "15": 1,
      "16": 1,
      "17": 1,
      "18": 1,
      "19": 1,
      "20": 1,
      "21": 1
    },
    "f": { "0": 1, "1": 1, "2": 2, "3": 1 },
    "b": { "0": [1, 1] }
  },
  "C:\\narr\\programming\\project\\react-redux-rxjs\\packages\\components\\src\\TestButtonBase\\TestButtonBase.tsx": {
    "path": "C:\\narr\\programming\\project\\react-redux-rxjs\\packages\\components\\src\\TestButtonBase\\TestButtonBase.tsx",
    "statementMap": {
      "0": {
        "start": { "line": 1, "column": 0 },
        "end": { "line": 1, "column": 53 }
      },
      "1": {
        "start": { "line": 3, "column": 0 },
        "end": { "line": 3, "column": 39 }
      },
      "2": {
        "start": { "line": 4, "column": 0 },
        "end": { "line": 4, "column": 30 }
      },
      "3": {
        "start": { "line": 22, "column": 15 },
        "end": { "line": 48, "column": 1 }
      },
      "4": {
        "start": { "line": 23, "column": 14 },
        "end": { "line": 23, "column": 21 }
      },
      "5": {
        "start": { "line": 24, "column": 2 },
        "end": { "line": 26, "column": 3 }
      },
      "6": {
        "start": { "line": 25, "column": 4 },
        "end": { "line": 25, "column": 39 }
      },
      "7": {
        "start": { "line": 27, "column": 2 },
        "end": { "line": 47, "column": 4 }
      },
      "8": {
        "start": { "line": 51, "column": 43 },
        "end": { "line": 53, "column": 1 }
      },
      "9": {
        "start": { "line": 51, "column": 46 },
        "end": { "line": 51, "column": 53 }
      },
      "10": {
        "start": { "line": 51, "column": 55 },
        "end": { "line": 51, "column": 68 }
      },
      "11": {
        "start": { "line": 52, "column": 2 },
        "end": { "line": 52, "column": 75 }
      },
      "12": {
        "start": { "line": 57, "column": 23 },
        "end": { "line": 57, "column": 74 }
      },
      "13": {
        "start": { "line": 60, "column": 0 },
        "end": { "line": 64, "column": 2 }
      },
      "14": {
        "start": { "line": 66, "column": 0 },
        "end": { "line": 68, "column": 2 }
      },
      "15": {
        "start": { "line": 70, "column": 0 },
        "end": { "line": 70, "column": 46 }
      },
      "16": {
        "start": { "line": 72, "column": 0 },
        "end": { "line": 72, "column": 30 }
      },
      "17": {
        "start": { "line": 79, "column": 0 },
        "end": { "line": 79, "column": 32 }
      }
    },
    "fnMap": {
      "0": {
        "name": "(anonymous_2)",
        "decl": {
          "start": { "line": 22, "column": 15 },
          "end": { "line": 22, "column": 15 }
        },
        "loc": {
          "start": { "line": 22, "column": 35 },
          "end": { "line": 48, "column": 1 }
        }
      },
      "1": {
        "name": "(anonymous_3)",
        "decl": {
          "start": { "line": 51, "column": 43 },
          "end": { "line": 51, "column": 43 }
        },
        "loc": {
          "start": { "line": 51, "column": 70 },
          "end": { "line": 53, "column": 1 }
        }
      }
    },
    "branchMap": {
      "0": {
        "loc": {
          "start": { "line": 24, "column": 2 },
          "end": { "line": 26, "column": 3 }
        },
        "type": "if",
        "locations": [
          {
            "start": { "line": 24, "column": 2 },
            "end": { "line": 26, "column": 3 }
          },
          {
            "start": { "line": 24, "column": 2 },
            "end": { "line": 26, "column": 3 }
          }
        ]
      },
      "1": {
        "loc": {
          "start": { "line": 24, "column": 6 },
          "end": { "line": 24, "column": 21 }
        },
        "type": "binary-expr",
        "locations": [
          {
            "start": { "line": 24, "column": 6 },
            "end": { "line": 24, "column": 21 }
          },
          {
            "start": { "line": 24, "column": 25 },
            "end": { "line": 24, "column": 46 }
          }
        ]
      }
    },
    "s": {
      "0": 1,
      "1": 1,
      "2": 1,
      "3": 1,
      "4": 2,
      "5": 2,
      "6": 1,
      "7": 2,
      "8": 1,
      "9": 2,
      "10": 2,
      "11": 2,
      "12": 1,
      "13": 1,
      "14": 1,
      "15": 1,
      "16": 1,
      "17": 1
    },
    "f": { "0": 2, "1": 2 },
    "b": { "0": [1, 1], "1": [2, 1] }
  },
  "C:\\narr\\programming\\project\\react-redux-rxjs\\packages\\components\\src\\Theme\\dark.ts": {
    "path": "C:\\narr\\programming\\project\\react-redux-rxjs\\packages\\components\\src\\Theme\\dark.ts",
    "statementMap": {
      "0": {
        "start": { "line": 1, "column": 0 },
        "end": { "line": 1, "column": 52 }
      },
      "1": {
        "start": { "line": 2, "column": 0 },
        "end": { "line": 2, "column": 68 }
      },
      "2": {
        "start": { "line": 4, "column": 19 },
        "end": { "line": 11, "column": 2 }
      },
      "3": {
        "start": { "line": 13, "column": 0 },
        "end": { "line": 13, "column": 26 }
      }
    },
    "fnMap": {},
    "branchMap": {},
    "s": { "0": 1, "1": 1, "2": 1, "3": 1 },
    "f": {},
    "b": {}
  },
  "C:\\narr\\programming\\project\\react-redux-rxjs\\packages\\components\\src\\Theme\\index.ts": {
    "path": "C:\\narr\\programming\\project\\react-redux-rxjs\\packages\\components\\src\\Theme\\index.ts",
    "statementMap": {
      "0": {
        "start": { "line": 1, "column": 0 },
        "end": { "line": 1, "column": 25 }
      },
      "1": {
        "start": { "line": 2, "column": 0 },
        "end": { "line": 2, "column": 27 }
      },
      "2": {
        "start": { "line": 4, "column": 0 },
        "end": { "line": 7, "column": 2 }
      }
    },
    "fnMap": {},
    "branchMap": {},
    "s": { "0": 1, "1": 1, "2": 1 },
    "f": {},
    "b": {}
  },
  "C:\\narr\\programming\\project\\react-redux-rxjs\\packages\\components\\src\\Theme\\light.ts": {
    "path": "C:\\narr\\programming\\project\\react-redux-rxjs\\packages\\components\\src\\Theme\\light.ts",
    "statementMap": {
      "0": {
        "start": { "line": 1, "column": 0 },
        "end": { "line": 1, "column": 48 }
      },
      "1": {
        "start": { "line": 2, "column": 0 },
        "end": { "line": 2, "column": 68 }
      },
      "2": {
        "start": { "line": 4, "column": 19 },
        "end": { "line": 11, "column": 2 }
      },
      "3": {
        "start": { "line": 13, "column": 0 },
        "end": { "line": 13, "column": 26 }
      }
    },
    "fnMap": {},
    "branchMap": {},
    "s": { "0": 1, "1": 1, "2": 1, "3": 1 },
    "f": {},
    "b": {}
  }
}
