TN:
SF:C:\narr\programming\project\react-redux-rxjs\packages\components\src\TestButton\TestButton.tsx
FN:20,(anonymous_3)
FN:31,(anonymous_4)
FN:36,(anonymous_5)
FN:53,(anonymous_6)
FNF:4
FNH:4
FNDA:1,(anonymous_3)
FNDA:1,(anonymous_4)
FNDA:2,(anonymous_5)
FNDA:1,(anonymous_6)
DA:1,1
DA:2,1
DA:3,1
DA:4,1
DA:5,1
DA:6,1
DA:20,1
DA:21,1
DA:31,1
DA:32,1
DA:33,1
DA:34,1
DA:36,2
DA:37,1
DA:49,1
DA:51,1
DA:53,1
DA:57,1
DA:64,1
DA:68,1
DA:70,1
LF:21
LH:21
BRDA:51,0,0,1
BRDA:51,0,1,1
BRF:2
BRH:2
end_of_record
TN:
SF:C:\narr\programming\project\react-redux-rxjs\packages\components\src\TestButtonBase\TestButtonBase.tsx
FN:22,(anonymous_2)
FN:51,(anonymous_3)
FNF:2
FNH:2
FNDA:2,(anonymous_2)
FNDA:2,(anonymous_3)
DA:1,1
DA:3,1
DA:4,1
DA:22,1
DA:23,2
DA:24,2
DA:25,1
DA:27,2
DA:51,2
DA:52,2
DA:57,1
DA:60,1
DA:66,1
DA:70,1
DA:72,1
DA:79,1
LF:16
LH:16
BRDA:24,0,0,1
BRDA:24,0,1,1
BRDA:24,1,0,2
BRDA:24,1,1,1
BRF:4
BRH:4
end_of_record
TN:
SF:C:\narr\programming\project\react-redux-rxjs\packages\components\src\Theme\dark.tsx
FNF:0
FNH:0
DA:1,1
DA:2,1
DA:4,1
DA:13,1
LF:4
LH:4
BRF:0
BRH:0
end_of_record
TN:
SF:C:\narr\programming\project\react-redux-rxjs\packages\components\src\Theme\index.tsx
FNF:0
FNH:0
DA:1,1
DA:2,1
DA:4,1
LF:3
LH:3
BRF:0
BRH:0
end_of_record
TN:
SF:C:\narr\programming\project\react-redux-rxjs\packages\components\src\Theme\light.tsx
FNF:0
FNH:0
DA:1,1
DA:2,1
DA:4,1
DA:13,1
LF:4
LH:4
BRF:0
BRH:0
end_of_record
